{
  "stats": {
    "suites": 1,
    "tests": 2,
    "passes": 2,
    "pending": 0,
    "failures": 0,
    "start": "2019-12-17T11:00:33.470Z",
    "end": "2019-12-17T11:01:05.221Z",
    "duration": 31751,
    "testsRegistered": 2,
    "passPercent": 100,
    "pendingPercent": 0,
    "other": 0,
    "hasOther": false,
    "skipped": 0,
    "hasSkipped": false,
    "passPercentClass": "success",
    "pendingPercentClass": "danger"
  },
  "suites": {
    "uuid": "4d9dc9df-bc6e-4e8d-a104-f5712d157aad",
    "title": "",
    "fullFile": "",
    "file": "",
    "beforeHooks": [],
    "afterHooks": [],
    "tests": [],
    "suites": [
      {
        "uuid": "fa1fb985-30ba-4663-8847-aec5d1373ef1",
        "title": "Test UI: automation create class",
        "fullFile": "d:\\UNIVERSITY\\Testing Software\\Deadline\\Week 09 - Automation test UI\\Source\\test\\UI.test.js",
        "file": "\\test\\UI.test.js",
        "beforeHooks": [
          {
            "title": "\"before all\" hook",
            "fullTitle": "Test UI: automation create class \"before all\" hook",
            "timedOut": false,
            "duration": 27,
            "pass": false,
            "fail": false,
            "pending": false,
            "code": "page = new Page();\ndriver = page.driver;\n// await page.visit(\"http://localhost:4200/login\");",
            "err": {},
            "isRoot": false,
            "uuid": "c8d44371-b8ea-48d0-b961-e45632523bd4",
            "isHook": true,
            "skipped": false
          }
        ],
        "afterHooks": [
          {
            "title": "\"after each\" hook",
            "fullTitle": "Test UI: automation create class \"after each\" hook",
            "timedOut": false,
            "duration": 0,
            "pass": false,
            "fail": false,
            "pending": false,
            "code": "// await page.quit();",
            "err": {},
            "isRoot": false,
            "uuid": "be9d5c8f-a4ce-46c4-9184-990e0b9353d8",
            "isHook": true,
            "skipped": false
          }
        ],
        "tests": [
          {
            "title": "TEST CASE 4: Create class without list student",
            "fullTitle": "Test UI: automation create class TEST CASE 4: Create class without list student",
            "timedOut": false,
            "duration": 8390,
            "state": "passed",
            "speed": "slow",
            "pass": true,
            "fail": false,
            "pending": false,
            "code": "await page.visit(\"http://localhost:4200/login\");\nawait utils.readListClass().then(async classes => {\n    for (const item of classes) {\n        console.log(item);\n        var rs = await page.addClassWithoutStudents(item.name, item.program);\n        await expect(rs).to.be.undefined;\n        await (await page.driver).navigate().to(\"http://localhost:4200/logout\");\n    }\n}).catch(function (err) {\n    console.log(new Error(err));\n})",
            "err": {},
            "isRoot": false,
            "uuid": "d2c3e1d3-af4a-4466-a90e-e0c2929760a3",
            "isHook": false,
            "skipped": false
          },
          {
            "title": "TEST CASE 5: Create class with full of informations",
            "fullTitle": "Test UI: automation create class TEST CASE 5: Create class with full of informations",
            "timedOut": false,
            "duration": 23257,
            "state": "passed",
            "speed": "slow",
            "pass": true,
            "fail": false,
            "pending": false,
            "code": "await page.visit(\"http://localhost:4200/login\");\nawait utils.readListClass().then(async classes => {\n    for (const item of classes) {\n        console.log(item);\n        var rs = await page.addWithFullInfo(item.name, item.program);\n        await expect(rs).to.equal(item.name);\n        await (await page.driver).navigate().to(\"http://localhost:4200/logout\");\n    }\n}).catch(function (err) {\n    console.log(new Error(err));\n})",
            "err": {},
            "isRoot": false,
            "uuid": "4ce4fd38-57c9-4f64-b88f-7413d58348c0",
            "isHook": false,
            "skipped": false
          }
        ],
        "suites": [],
        "passes": [
          "d2c3e1d3-af4a-4466-a90e-e0c2929760a3",
          "4ce4fd38-57c9-4f64-b88f-7413d58348c0"
        ],
        "failures": [],
        "pending": [],
        "skipped": [],
        "duration": 31647,
        "root": false,
        "rootEmpty": false,
        "_timeout": 500000
      }
    ],
    "passes": [],
    "failures": [],
    "pending": [],
    "skipped": [],
    "duration": 0,
    "root": true,
    "rootEmpty": true,
    "_timeout": 2000
  },
  "copyrightYear": 2019
}