{
  "stats": {
    "suites": 1,
    "tests": 1,
    "passes": 0,
    "pending": 0,
    "failures": 1,
    "start": "2019-12-17T18:39:22.880Z",
    "end": "2019-12-17T18:39:38.141Z",
    "duration": 15261,
    "testsRegistered": 1,
    "passPercent": 0,
    "pendingPercent": 0,
    "other": 0,
    "hasOther": false,
    "skipped": 0,
    "hasSkipped": false,
    "passPercentClass": "danger",
    "pendingPercentClass": "danger"
  },
  "suites": {
    "uuid": "eecf7a53-560d-437d-8f98-199e1b136247",
    "title": "",
    "fullFile": "",
    "file": "",
    "beforeHooks": [],
    "afterHooks": [],
    "tests": [],
    "suites": [
      {
        "uuid": "75ff1204-94ac-46a7-b5cb-fbc410eccc60",
        "title": "Test UI: automation create teacher",
        "fullFile": "d:\\UNIVERSITY\\Testing Software\\Deadline\\Week 09 - Automation test UI\\Source\\test\\createTeacher.test.js",
        "file": "\\test\\createTeacher.test.js",
        "beforeHooks": [
          {
            "title": "\"before all\" hook",
            "fullTitle": "Test UI: automation create teacher \"before all\" hook",
            "timedOut": false,
            "duration": 21,
            "pass": false,
            "fail": false,
            "pending": false,
            "code": "page = new Page();\ndriver = page.driver;\n// await page.visit(\"http://localhost:4200/login\");",
            "err": {},
            "isRoot": false,
            "uuid": "b78839bd-c211-492f-8e06-edcf0be74913",
            "isHook": true,
            "skipped": false
          }
        ],
        "afterHooks": [
          {
            "title": "\"after each\" hook",
            "fullTitle": "Test UI: automation create teacher \"after each\" hook",
            "timedOut": false,
            "duration": 0,
            "pass": false,
            "fail": false,
            "pending": false,
            "code": "// await page.quit();",
            "err": {},
            "isRoot": false,
            "uuid": "3d0974e8-faee-404c-ae5b-1c950ec720b3",
            "isHook": true,
            "skipped": false
          }
        ],
        "tests": [
          {
            "title": "TESTCASE 7: Create teacher with excel file",
            "fullTitle": "Test UI: automation create teacher TESTCASE 7: Create teacher with excel file",
            "timedOut": false,
            "duration": 15224,
            "state": "failed",
            "pass": false,
            "fail": true,
            "pending": false,
            "code": "await page.visit(\"https://nhoma.herokuapp.com/login\");\nawait utils.readListTeachers().then(async teachers => {\n    console.log(teachers);\n    for (const item of teachers) {\n        var rs = await page.creatTeacherWithExcelFile(item);\n        await expect(rs).to.be.undefined;\n        await (await page.driver).navigate().to(\"https://nhoma.herokuapp.com/logout\");\n    }\n}).catch(function (err) {\n    console.log(new Error(err));\n    throw err;\n})",
            "err": {
              "message": "WebDriverError: element not interactable\n  (Session info: chrome=79.0.3945.79)\n  (Driver info: chromedriver=70.0.3538.97 (d035916fe243477005bc95fe2a5778b8f20b6ae1),platform=Windows NT 10.0.18362 x86_64)",
              "estack": "WebDriverError: element not interactable\n  (Session info: chrome=79.0.3945.79)\n  (Driver info: chromedriver=70.0.3538.97 (d035916fe243477005bc95fe2a5778b8f20b6ae1),platform=Windows NT 10.0.18362 x86_64)\n    at Object.checkLegacyResponse (node_modules\\selenium-webdriver\\lib\\error.js:585:15)\n    at parseHttpResponse (node_modules\\selenium-webdriver\\lib\\http.js:533:13)\n    at Executor.execute (node_modules\\selenium-webdriver\\lib\\http.js:468:26)\n    at processTicksAndRejections (internal/process/task_queues.js:86:5)"
            },
            "isRoot": false,
            "uuid": "79564b66-06b6-40be-9208-e68ec0c67896",
            "isHook": false,
            "skipped": false
          }
        ],
        "suites": [],
        "passes": [],
        "failures": [
          "79564b66-06b6-40be-9208-e68ec0c67896"
        ],
        "pending": [],
        "skipped": [],
        "duration": 15224,
        "root": false,
        "rootEmpty": false,
        "_timeout": 500000
      }
    ],
    "passes": [],
    "failures": [],
    "pending": [],
    "skipped": [],
    "duration": 0,
    "root": true,
    "rootEmpty": true,
    "_timeout": 2000
  },
  "copyrightYear": 2019
}