{
  "stats": {
    "suites": 1,
    "tests": 1,
    "passes": 1,
    "pending": 0,
    "failures": 0,
    "start": "2019-12-15T07:42:57.633Z",
    "end": "2019-12-15T07:43:05.198Z",
    "duration": 7565,
    "testsRegistered": 1,
    "passPercent": 100,
    "pendingPercent": 0,
    "other": 0,
    "hasOther": false,
    "skipped": 0,
    "hasSkipped": false,
    "passPercentClass": "success",
    "pendingPercentClass": "danger"
  },
  "suites": {
    "uuid": "38e891df-612d-46f5-b3a1-c5a69b63e08b",
    "title": "",
    "fullFile": "",
    "file": "",
    "beforeHooks": [],
    "afterHooks": [],
    "tests": [],
    "suites": [
      {
        "uuid": "92f4a1fb-1a86-4ee8-9c74-a04fb61f0910",
        "title": "Change role user automation firefox",
        "fullFile": "d:\\UNIVERSITY\\Testing Software\\Deadline\\Week 09 - Automation test UI\\Source\\test\\UI.test.js",
        "file": "\\test\\UI.test.js",
        "beforeHooks": [
          {
            "title": "\"before each\" hook",
            "fullTitle": "Change role user automation firefox \"before each\" hook",
            "timedOut": false,
            "duration": 7526,
            "pass": false,
            "fail": false,
            "pending": false,
            "code": "page = new Page();\ndriver = page.driver;\nawait page.visit(\"http://localhost:4200/login\");",
            "err": {},
            "isRoot": false,
            "uuid": "f43b0c58-2110-436d-b2a2-672236630473",
            "isHook": true,
            "skipped": false
          }
        ],
        "afterHooks": [
          {
            "title": "\"after each\" hook",
            "fullTitle": "Change role user automation firefox \"after each\" hook",
            "timedOut": false,
            "duration": 1,
            "pass": false,
            "fail": false,
            "pending": false,
            "code": "// await page.quit();",
            "err": {},
            "isRoot": false,
            "uuid": "cce45f35-94e8-4143-aa05-3f9d5423b935",
            "isHook": true,
            "skipped": false
          }
        ],
        "tests": [
          {
            "title": "Test UI automation: Tạo lớp học mới",
            "fullTitle": "Change role user automation firefox Test UI automation: Tạo lớp học mới",
            "timedOut": false,
            "duration": 5,
            "state": "passed",
            "speed": "fast",
            "pass": true,
            "fail": false,
            "pending": false,
            "code": "// await page.driver.wait(async () => {\nawait page.createClasses();\n// })",
            "err": {},
            "isRoot": false,
            "uuid": "7e247911-3b8b-4bb8-9cec-fd87e3856709",
            "isHook": false,
            "skipped": false
          }
        ],
        "suites": [],
        "passes": [
          "7e247911-3b8b-4bb8-9cec-fd87e3856709"
        ],
        "failures": [],
        "pending": [],
        "skipped": [],
        "duration": 5,
        "root": false,
        "rootEmpty": false,
        "_timeout": 500000
      }
    ],
    "passes": [],
    "failures": [],
    "pending": [],
    "skipped": [],
    "duration": 0,
    "root": true,
    "rootEmpty": true,
    "_timeout": 2000
  },
  "copyrightYear": 2019
}